<?xml version="1.0" encoding="UTF-8"?>
<!-- Generated by org.testng.reporters.JUnitXMLReporter -->
<testsuite ignored="0" hostname="sohi" failures="0" tests="51" name="Regression" time="4.239" errors="0" timestamp="2023-09-07T13:49:18 EDT">
  <testcase classname="testlayer.YourOrders" name="@BeforeTest intitsetup" time="1.139">
    <failure type="org.openqa.selenium.NoSuchElementException" message="no such element: Unable to locate element: {&amp;quot;method&amp;quot;:&amp;quot;css selector&amp;quot;,&amp;quot;selector&amp;quot;:&amp;quot;#ap_email&amp;quot;}
  (Session info: chrome=116.0.5845.180)
For documentation on this error, please visit: https://selenium.dev/exceptions/#no_such_element
Build info: version: &amp;apos;4.9.0&amp;apos;, revision: &amp;apos;d7057100a6&amp;apos;
System info: os.name: &amp;apos;Windows 11&amp;apos;, os.arch: &amp;apos;amd64&amp;apos;, os.version: &amp;apos;10.0&amp;apos;, java.version: &amp;apos;20.0.1&amp;apos;
Driver info: org.openqa.selenium.chrome.ChromeDriver
Command: [82b99953dc62d471b45dc4d76e6e7f61, findElement {using=id, value=ap_email}]
Capabilities {acceptInsecureCerts: false, browserName: chrome, browserVersion: 116.0.5845.180, chrome: {chromedriverVersion: 116.0.5845.96 (1a3918166880..., userDataDir: C:\Users\jeets\AppData\Loca...}, fedcm:accounts: true, goog:chromeOptions: {debuggerAddress: localhost:59955}, networkConnectionEnabled: false, pageLoadStrategy: normal, platformName: WINDOWS, proxy: Proxy(), se:cdp: ws://localhost:59955/devtoo..., se:cdpVersion: 116.0.5845.180, setWindowRect: true, strictFileInteractability: false, timeouts: {implicit: 0, pageLoad: 300000, script: 30000}, unhandledPromptBehavior: dismiss and notify, webauthn:extension:credBlob: true, webauthn:extension:largeBlob: true, webauthn:extension:minPinLength: true, webauthn:extension:prf: true, webauthn:virtualAuthenticators: true}
Session ID: 82b99953dc62d471b45dc4d76e6e7f61">
      <![CDATA[org.openqa.selenium.NoSuchElementException: no such element: Unable to locate element: {"method":"css selector","selector":"#ap_email"}
  (Session info: chrome=116.0.5845.180)
For documentation on this error, please visit: https://selenium.dev/exceptions/#no_such_element
Build info: version: '4.9.0', revision: 'd7057100a6'
System info: os.name: 'Windows 11', os.arch: 'amd64', os.version: '10.0', java.version: '20.0.1'
Driver info: org.openqa.selenium.chrome.ChromeDriver
Command: [82b99953dc62d471b45dc4d76e6e7f61, findElement {using=id, value=ap_email}]
Capabilities {acceptInsecureCerts: false, browserName: chrome, browserVersion: 116.0.5845.180, chrome: {chromedriverVersion: 116.0.5845.96 (1a3918166880..., userDataDir: C:\Users\jeets\AppData\Loca...}, fedcm:accounts: true, goog:chromeOptions: {debuggerAddress: localhost:59955}, networkConnectionEnabled: false, pageLoadStrategy: normal, platformName: WINDOWS, proxy: Proxy(), se:cdp: ws://localhost:59955/devtoo..., se:cdpVersion: 116.0.5845.180, setWindowRect: true, strictFileInteractability: false, timeouts: {implicit: 0, pageLoad: 300000, script: 30000}, unhandledPromptBehavior: dismiss and notify, webauthn:extension:credBlob: true, webauthn:extension:largeBlob: true, webauthn:extension:minPinLength: true, webauthn:extension:prf: true, webauthn:virtualAuthenticators: true}
Session ID: 82b99953dc62d471b45dc4d76e6e7f61
at org.openqa.selenium.remote.codec.w3c.W3CHttpResponseCodec.createException(W3CHttpResponseCodec.java:200)
at org.openqa.selenium.remote.codec.w3c.W3CHttpResponseCodec.decode(W3CHttpResponseCodec.java:133)
at org.openqa.selenium.remote.codec.w3c.W3CHttpResponseCodec.decode(W3CHttpResponseCodec.java:53)
at org.openqa.selenium.remote.HttpCommandExecutor.execute(HttpCommandExecutor.java:193)
at org.openqa.selenium.remote.service.DriverCommandExecutor.invokeExecute(DriverCommandExecutor.java:183)
at org.openqa.selenium.remote.service.DriverCommandExecutor.execute(DriverCommandExecutor.java:158)
at org.openqa.selenium.remote.RemoteWebDriver.execute(RemoteWebDriver.java:543)
at org.openqa.selenium.remote.ElementLocation$ElementFinder$2.findElement(ElementLocation.java:162)
at org.openqa.selenium.remote.ElementLocation.findElement(ElementLocation.java:66)
at org.openqa.selenium.remote.RemoteWebDriver.findElement(RemoteWebDriver.java:352)
at org.openqa.selenium.remote.RemoteWebDriver.findElement(RemoteWebDriver.java:344)
at org.openqa.selenium.support.pagefactory.DefaultElementLocator.findElement(DefaultElementLocator.java:70)
at org.openqa.selenium.support.pagefactory.internal.LocatingElementHandler.invoke(LocatingElementHandler.java:39)
at jdk.proxy2/jdk.proxy2.$Proxy18.sendKeys(Unknown Source)
at PomPackage.pomusername.typeusername(pomusername.java:56)
at testlayer.YourOrders.intitsetup(YourOrders.java:33)
... Removed 25 stack frames]]>
    </failure>
  </testcase> <!-- @BeforeTest intitsetup -->
  <testcase classname="testlayer.CreateAccountClass" name="@BeforeMethod intiate" time="0.0">
    <skipped/>
  </testcase> <!-- @BeforeMethod intiate -->
  <testcase classname="testlayer.CreateAccountClass" name="@AfterMethod close" time="0.0">
    <skipped/>
  </testcase> <!-- @AfterMethod close -->
  <testcase classname="testlayer.CreateAccountClass" name="@BeforeMethod intiate" time="0.0">
    <skipped/>
  </testcase> <!-- @BeforeMethod intiate -->
  <testcase classname="testlayer.CreateAccountClass" name="@AfterMethod close" time="0.0">
    <skipped/>
  </testcase> <!-- @AfterMethod close -->
  <testcase classname="testlayer.CreateAccountClass" name="@BeforeMethod intiate" time="0.0">
    <skipped/>
  </testcase> <!-- @BeforeMethod intiate -->
  <testcase classname="testlayer.CreateAccountClass" name="@AfterMethod close" time="0.0">
    <skipped/>
  </testcase> <!-- @AfterMethod close -->
  <testcase classname="testlayer.CreateAccountClass" name="@BeforeMethod intiate" time="0.0">
    <skipped/>
  </testcase> <!-- @BeforeMethod intiate -->
  <testcase classname="testlayer.CreateAccountClass" name="@AfterMethod close" time="0.0">
    <skipped/>
  </testcase> <!-- @AfterMethod close -->
  <testcase classname="testlayer.CreateAccountClass" name="@BeforeMethod intiate" time="0.0">
    <skipped/>
  </testcase> <!-- @BeforeMethod intiate -->
  <testcase classname="testlayer.CreateAccountClass" name="@AfterMethod close" time="0.0">
    <skipped/>
  </testcase> <!-- @AfterMethod close -->
  <testcase classname="testlayer.CreateAccountClass" name="@BeforeMethod intiate" time="0.0">
    <skipped/>
  </testcase> <!-- @BeforeMethod intiate -->
  <testcase classname="testlayer.CreateAccountClass" name="@AfterMethod close" time="0.0">
    <skipped/>
  </testcase> <!-- @AfterMethod close -->
  <testcase classname="testlayer.CreateAccountClass" name="@BeforeMethod intiate" time="0.0">
    <skipped/>
  </testcase> <!-- @BeforeMethod intiate -->
  <testcase classname="testlayer.CreateAccountClass" name="@AfterMethod close" time="0.0">
    <skipped/>
  </testcase> <!-- @AfterMethod close -->
  <testcase classname="testlayer.CreateAccountClass" name="@BeforeMethod intiate" time="0.0">
    <skipped/>
  </testcase> <!-- @BeforeMethod intiate -->
  <testcase classname="testlayer.CreateAccountClass" name="@AfterMethod close" time="0.0">
    <skipped/>
  </testcase> <!-- @AfterMethod close -->
  <testcase classname="testlayer.CreateAccountClass" name="@BeforeMethod intiate" time="0.0">
    <skipped/>
  </testcase> <!-- @BeforeMethod intiate -->
  <testcase classname="testlayer.CreateAccountClass" name="@AfterMethod close" time="0.0">
    <skipped/>
  </testcase> <!-- @AfterMethod close -->
  <testcase classname="testlayer.CreateAccountClass" name="@BeforeMethod intiate" time="0.0">
    <skipped/>
  </testcase> <!-- @BeforeMethod intiate -->
  <testcase classname="testlayer.CreateAccountClass" name="@AfterMethod close" time="0.0">
    <skipped/>
  </testcase> <!-- @AfterMethod close -->
  <testcase classname="testlayer.GuestaccountTest" name="@BeforeMethod intiate" time="0.0">
    <skipped/>
  </testcase> <!-- @BeforeMethod intiate -->
  <testcase classname="testlayer.GuestaccountTest" name="@AfterMethod close" time="0.0">
    <skipped/>
  </testcase> <!-- @AfterMethod close -->
  <testcase classname="testlayer.GuestaccountTest" name="@BeforeMethod intiate" time="0.0">
    <skipped/>
  </testcase> <!-- @BeforeMethod intiate -->
  <testcase classname="testlayer.GuestaccountTest" name="@AfterMethod close" time="0.0">
    <skipped/>
  </testcase> <!-- @AfterMethod close -->
  <testcase classname="testlayer.SearchingTest" name="@BeforeMethod intiate" time="0.0">
    <skipped/>
  </testcase> <!-- @BeforeMethod intiate -->
  <testcase classname="testlayer.SearchingTest" name="@BeforeMethod intiate" time="0.0">
    <skipped/>
  </testcase> <!-- @BeforeMethod intiate -->
  <testcase classname="testlayer.SearchingTest" name="@BeforeMethod intiate" time="0.0">
    <skipped/>
  </testcase> <!-- @BeforeMethod intiate -->
  <testcase classname="testlayer.SearchingTest" name="@BeforeMethod intiate" time="0.0">
    <skipped/>
  </testcase> <!-- @BeforeMethod intiate -->
  <testcase classname="testlayer.SearchingTest" name="@BeforeMethod intiate" time="0.0">
    <skipped/>
  </testcase> <!-- @BeforeMethod intiate -->
  <testcase classname="testlayer.SearchingTest" name="@BeforeMethod intiate" time="0.0">
    <skipped/>
  </testcase> <!-- @BeforeMethod intiate -->
  <testcase classname="testlayer.SearchingTest" name="@BeforeMethod intiate" time="0.0">
    <skipped/>
  </testcase> <!-- @BeforeMethod intiate -->
  <testcase classname="testlayer.SearchingTest" name="@BeforeMethod intiate" time="0.0">
    <skipped/>
  </testcase> <!-- @BeforeMethod intiate -->
  <testcase classname="testlayer.SearchingTest" name="@BeforeMethod intiate" time="0.0">
    <skipped/>
  </testcase> <!-- @BeforeMethod intiate -->
  <testcase classname="testlayer.SearchingTest" name="@BeforeMethod intiate" time="0.0">
    <skipped/>
  </testcase> <!-- @BeforeMethod intiate -->
  <testcase classname="testlayer.SearchingTest" name="@BeforeMethod intiate" time="0.0">
    <skipped/>
  </testcase> <!-- @BeforeMethod intiate -->
  <testcase classname="testlayer.ShoppingcartTest" name="@BeforeMethod intiate" time="0.0">
    <skipped/>
  </testcase> <!-- @BeforeMethod intiate -->
  <testcase classname="testlayer.ShoppingcartTest" name="@AfterMethod close" time="0.0">
    <skipped/>
  </testcase> <!-- @AfterMethod close -->
  <testcase classname="testlayer.ShoppingcartTest" name="@BeforeMethod intiate" time="0.0">
    <skipped/>
  </testcase> <!-- @BeforeMethod intiate -->
  <testcase classname="testlayer.ShoppingcartTest" name="@AfterMethod close" time="0.0">
    <skipped/>
  </testcase> <!-- @AfterMethod close -->
  <testcase classname="testlayer.ShoppingcartTest" name="@BeforeMethod intiate" time="0.0">
    <skipped/>
  </testcase> <!-- @BeforeMethod intiate -->
  <testcase classname="testlayer.ShoppingcartTest" name="@AfterMethod close" time="0.0">
    <skipped/>
  </testcase> <!-- @AfterMethod close -->
  <testcase classname="testlayer.ShoppingcartTest" name="@BeforeMethod intiate" time="0.0">
    <skipped/>
  </testcase> <!-- @BeforeMethod intiate -->
  <testcase classname="testlayer.ShoppingcartTest" name="@AfterMethod close" time="0.0">
    <skipped/>
  </testcase> <!-- @AfterMethod close -->
  <testcase classname="testlayer.ShoppingcartTest" name="@BeforeMethod intiate" time="0.0">
    <skipped/>
  </testcase> <!-- @BeforeMethod intiate -->
  <testcase classname="testlayer.ShoppingcartTest" name="@AfterMethod close" time="0.0">
    <skipped/>
  </testcase> <!-- @AfterMethod close -->
  <testcase classname="testlayer.ShoppingcartTest" name="@BeforeMethod intiate" time="0.0">
    <skipped/>
  </testcase> <!-- @BeforeMethod intiate -->
  <testcase classname="testlayer.ShoppingcartTest" name="@AfterMethod close" time="0.0">
    <skipped/>
  </testcase> <!-- @AfterMethod close -->
  <testcase classname="testlayer.ShoppingcartTest" name="@BeforeMethod intiate" time="0.0">
    <skipped/>
  </testcase> <!-- @BeforeMethod intiate -->
  <testcase classname="testlayer.ShoppingcartTest" name="@AfterMethod close" time="0.0">
    <skipped/>
  </testcase> <!-- @AfterMethod close -->
  <testcase classname="testlayer.SortingTest" name="@BeforeMethod intiate" time="0.0">
    <skipped/>
  </testcase> <!-- @BeforeMethod intiate -->
  <testcase classname="testlayer.SortingTest" name="@BeforeMethod intiate" time="0.0">
    <skipped/>
  </testcase> <!-- @BeforeMethod intiate -->
  <testcase classname="testlayer.SortingTest" name="@BeforeMethod intiate" time="0.0">
    <skipped/>
  </testcase> <!-- @BeforeMethod intiate -->
  <testcase classname="testlayer.SortingTest" name="@BeforeMethod intiate" time="0.0">
    <skipped/>
  </testcase> <!-- @BeforeMethod intiate -->
  <testcase classname="testlayer.SortingTest" name="@BeforeMethod intiate" time="0.0">
    <skipped/>
  </testcase> <!-- @BeforeMethod intiate -->
  <testcase classname="testlayer.SortingTest" name="@BeforeMethod intiate" time="0.0">
    <skipped/>
  </testcase> <!-- @BeforeMethod intiate -->
  <testcase classname="testlayer.UsernameTest" name="@BeforeMethod intitsetup" time="0.0">
    <skipped/>
  </testcase> <!-- @BeforeMethod intitsetup -->
  <testcase classname="testlayer.UsernameTest" name="@BeforeMethod intitsetup" time="0.0">
    <skipped/>
  </testcase> <!-- @BeforeMethod intitsetup -->
  <testcase classname="testlayer.UsernameTest" name="@BeforeMethod intitsetup" time="0.0">
    <skipped/>
  </testcase> <!-- @BeforeMethod intitsetup -->
  <testcase classname="testlayer.UsernameTest" name="@BeforeMethod intitsetup" time="0.0">
    <skipped/>
  </testcase> <!-- @BeforeMethod intitsetup -->
  <testcase classname="testlayer.UsernameTest" name="@BeforeMethod intitsetup" time="0.0">
    <skipped/>
  </testcase> <!-- @BeforeMethod intitsetup -->
  <testcase classname="testlayer.UsernameTest" name="@BeforeMethod intitsetup" time="0.0">
    <skipped/>
  </testcase> <!-- @BeforeMethod intitsetup -->
  <testcase classname="testlayer.UsernameTest" name="@BeforeMethod intitsetup" time="0.0">
    <skipped/>
  </testcase> <!-- @BeforeMethod intitsetup -->
  <testcase classname="testlayer.Youraccountmodule" name="@BeforeMethod intiate" time="0.0">
    <skipped/>
  </testcase> <!-- @BeforeMethod intiate -->
  <testcase classname="testlayer.Youraccountmodule" name="@BeforeMethod intiate" time="0.0">
    <skipped/>
  </testcase> <!-- @BeforeMethod intiate -->
  <testcase classname="testlayer.LoginAndSecurityTest" name="@AfterTest close" time="0.0">
    <skipped/>
  </testcase> <!-- @AfterTest close -->
  <testcase classname="testlayer.SearchingTest" name="@AfterTest close" time="0.0">
    <skipped/>
  </testcase> <!-- @AfterTest close -->
  <testcase classname="testlayer.SortingTest" name="@AfterTest close" time="0.0">
    <skipped/>
  </testcase> <!-- @AfterTest close -->
  <testcase classname="testlayer.UsernameTest" name="@AfterTest close" time="0.0">
    <skipped/>
  </testcase> <!-- @AfterTest close -->
  <testcase classname="testlayer.YourOrders" name="@AfterTest close" time="0.0">
    <skipped/>
  </testcase> <!-- @AfterTest close -->
  <testcase classname="testlayer.Youraccountmodule" name="@AfterTest close" time="0.0">
    <skipped/>
  </testcase> <!-- @AfterTest close -->
  <testcase classname="testlayer.CreateAccountClass" name="DifferentPasswordagainField" time="0.0">
    <skipped/>
  </testcase> <!-- DifferentPasswordagainField -->
  <testcase classname="testlayer.CreateAccountClass" name="EmptyEmail" time="0.0">
    <skipped/>
  </testcase> <!-- EmptyEmail -->
  <testcase classname="testlayer.CreateAccountClass" name="EmptyName" time="0.0">
    <skipped/>
  </testcase> <!-- EmptyName -->
  <testcase classname="testlayer.CreateAccountClass" name="ExistingAccount" time="0.0">
    <skipped/>
  </testcase> <!-- ExistingAccount -->
  <testcase classname="testlayer.CreateAccountClass" name="InvalidPassword" time="0.0">
    <skipped/>
  </testcase> <!-- InvalidPassword -->
  <testcase classname="testlayer.CreateAccountClass" name="PartialEmail" time="0.0">
    <skipped/>
  </testcase> <!-- PartialEmail -->
  <testcase classname="testlayer.CreateAccountClass" name="ValidPasswordFields" time="0.0">
    <skipped/>
  </testcase> <!-- ValidPasswordFields -->
  <testcase classname="testlayer.CreateAccountClass" name="accountCreation" time="0.0">
    <skipped/>
  </testcase> <!-- accountCreation -->
  <testcase classname="testlayer.CreateAccountClass" name="accountCreationValid" time="0.0">
    <skipped/>
  </testcase> <!-- accountCreationValid -->
  <testcase classname="testlayer.CreateAccountClass" name="partialMObileNo" time="0.001">
    <skipped/>
  </testcase> <!-- partialMObileNo -->
  <testcase classname="testlayer.GuestaccountTest" name="Checkout" time="0.001">
    <skipped/>
  </testcase> <!-- Checkout -->
  <testcase classname="testlayer.GuestaccountTest" name="Searchproduct" time="0.0">
    <skipped/>
  </testcase> <!-- Searchproduct -->
  <testcase classname="testlayer.LoginAndSecurityTest" name="AbilitytoAddItems" time="0.0">
    <skipped/>
  </testcase> <!-- AbilitytoAddItems -->
  <testcase classname="testlayer.SearchingTest" name="NextButtonFunctionality" time="0.0">
    <skipped/>
  </testcase> <!-- NextButtonFunctionality -->
  <testcase classname="testlayer.SearchingTest" name="NumberOfProducts" time="0.0">
    <skipped/>
  </testcase> <!-- NumberOfProducts -->
  <testcase classname="testlayer.SearchingTest" name="RelevantProducts" time="0.0">
    <skipped/>
  </testcase> <!-- RelevantProducts -->
  <testcase classname="testlayer.SearchingTest" name="SearchPage" time="0.0">
    <skipped/>
  </testcase> <!-- SearchPage -->
  <testcase classname="testlayer.SearchingTest" name="SearchWithCategory" time="0.0">
    <skipped/>
  </testcase> <!-- SearchWithCategory -->
  <testcase classname="testlayer.SearchingTest" name="SearchWithItemNumber" time="0.0">
    <skipped/>
  </testcase> <!-- SearchWithItemNumber -->
  <testcase classname="testlayer.SearchingTest" name="SearchWithKeyword" time="0.0">
    <skipped/>
  </testcase> <!-- SearchWithKeyword -->
  <testcase classname="testlayer.SearchingTest" name="SearchWithPartialText" time="0.0">
    <skipped/>
  </testcase> <!-- SearchWithPartialText -->
  <testcase classname="testlayer.SearchingTest" name="SearchwithDescriptionText" time="0.0">
    <skipped/>
  </testcase> <!-- SearchwithDescriptionText -->
  <testcase classname="testlayer.SearchingTest" name="SearchwithPartialItemsNumber" time="0.0">
    <skipped/>
  </testcase> <!-- SearchwithPartialItemsNumber -->
  <testcase classname="testlayer.SearchingTest" name="productinformation" time="0.0">
    <skipped/>
  </testcase> <!-- productinformation -->
  <testcase classname="testlayer.ShoppingcartTest" name="HoldingItems" time="0.0">
    <skipped/>
  </testcase> <!-- HoldingItems -->
  <testcase classname="testlayer.ShoppingcartTest" name="InfoAboutProduct" time="0.0">
    <skipped/>
  </testcase> <!-- InfoAboutProduct -->
  <testcase classname="testlayer.ShoppingcartTest" name="Quanityverification" time="0.0">
    <skipped/>
  </testcase> <!-- Quanityverification -->
  <testcase classname="testlayer.ShoppingcartTest" name="featuresOfProducts" time="0.0">
    <skipped/>
  </testcase> <!-- featuresOfProducts -->
  <testcase classname="testlayer.ShoppingcartTest" name="priceverification" time="0.0">
    <skipped/>
  </testcase> <!-- priceverification -->
  <testcase classname="testlayer.ShoppingcartTest" name="removalOfItem" time="0.0">
    <skipped/>
  </testcase> <!-- removalOfItem -->
  <testcase classname="testlayer.ShoppingcartTest" name="verifyProduct" time="0.0">
    <skipped/>
  </testcase> <!-- verifyProduct -->
  <testcase classname="testlayer.SortingTest" name="ClickSortingOption" time="0.0">
    <skipped/>
  </testcase> <!-- ClickSortingOption -->
  <testcase classname="testlayer.SortingTest" name="DuplicateProducts" time="0.0">
    <skipped/>
  </testcase> <!-- DuplicateProducts -->
  <testcase classname="testlayer.SortingTest" name="FilterAndSort" time="0.0">
    <skipped/>
  </testcase> <!-- FilterAndSort -->
  <testcase classname="testlayer.SortingTest" name="Filters" time="0.0">
    <skipped/>
  </testcase> <!-- Filters -->
  <testcase classname="testlayer.SortingTest" name="SortOptions" time="0.0">
    <skipped/>
  </testcase> <!-- SortOptions -->
  <testcase classname="testlayer.SortingTest" name="repetitionofProducts" time="0.0">
    <skipped/>
  </testcase> <!-- repetitionofProducts -->
  <testcase classname="testlayer.UsernameTest" name="checkedKeepMeSignIn" time="0.0">
    <skipped/>
  </testcase> <!-- checkedKeepMeSignIn -->
  <testcase classname="testlayer.UsernameTest" name="emptypassword" time="0.0">
    <skipped/>
  </testcase> <!-- emptypassword -->
  <testcase classname="testlayer.UsernameTest" name="emptyusername" time="0.0">
    <skipped/>
  </testcase> <!-- emptyusername -->
  <testcase classname="testlayer.UsernameTest" name="invalidpassword" time="0.0">
    <skipped/>
  </testcase> <!-- invalidpassword -->
  <testcase classname="testlayer.UsernameTest" name="invalidusername" time="0.0">
    <skipped/>
  </testcase> <!-- invalidusername -->
  <testcase classname="testlayer.UsernameTest" name="validPassword" time="0.0">
    <skipped/>
  </testcase> <!-- validPassword -->
  <testcase classname="testlayer.UsernameTest" name="validusername" time="0.0">
    <skipped/>
  </testcase> <!-- validusername -->
  <testcase classname="testlayer.Youraccountmodule" name="clicktxtmsg" time="0.0">
    <skipped/>
  </testcase> <!-- clicktxtmsg -->
  <testcase classname="testlayer.Youraccountmodule" name="verifymsg" time="0.0">
    <skipped/>
  </testcase> <!-- verifymsg -->
  <testcase classname="testlayer.YourOrders" name="BuyAgain" time="0.0">
    <skipped/>
  </testcase> <!-- BuyAgain -->
  <testcase classname="testlayer.YourOrders" name="CancelledOrders" time="0.0">
    <skipped/>
  </testcase> <!-- CancelledOrders -->
  <testcase classname="testlayer.YourOrders" name="NotYetShippedOptions" time="0.0">
    <skipped/>
  </testcase> <!-- NotYetShippedOptions -->
  <testcase classname="testlayer.YourOrders" name="PastOrders" time="0.0">
    <skipped/>
  </testcase> <!-- PastOrders -->
  <testcase classname="testlayer.YourOrders" name="YourOrderPage" time="0.0">
    <skipped/>
  </testcase> <!-- YourOrderPage -->
</testsuite> <!-- Regression -->
